[00:00:01] [Server thread/INFO]: Sarh_a180_23 issued server command: //copy
[00:00:13] [Server thread/INFO]: Sarh_a180_23 issued server command: /execute in minecraft:overworld run tp 0 70 0
[00:00:13] [Server thread/INFO]: [Sarh_a180_23: Teleported Sarh_a180_23 to 0.500000, 70.000000, 0.500000]
[00:00:18] [Server thread/INFO]: Sarh_a180_23 issued server command: //copy
[00:00:24] [Server thread/INFO]: Sarh_a180_23 issued server command: /execute in minecraft:cinematicas run tp 0 70 0
[00:00:24] [Server thread/INFO]: [Sarh_a180_23: Teleported Sarh_a180_23 to 0.500000, 70.000000, 0.500000]
[00:00:27] [Server thread/INFO]: Sarh_a180_23 issued server command: //paste
[00:00:32] [Server thread/WARN]: Sarh_a180_23 moved too quickly! -8.595625037882836,4.313234835430947,4.218184326164462
[00:00:32] [Server thread/INFO]: [@: Applied effect Darkness to Sarh_a180_23]
[00:00:32] [Server thread/INFO]: [@: Displaying particle minecraft:explosion_emitter]
[00:00:32] [Server thread/INFO]: [@: Teleported Sarh_a180_23 to 0.500000, 36.000000, 0.500000]
[00:00:32] [Server thread/INFO]: [@: Played sound minecraft:entity.generic.explode to Sarh_a180_23]
[00:00:32] [Server thread/INFO]: [@: Played sound minecraft:entity.generic.explode to Sarh_a180_23]
[00:00:32] [Server thread/INFO]: [@: Played sound minecraft:block.portal.travel to Sarh_a180_23]
[00:00:32] [Server thread/INFO]: [@: Applied effect Nausea to Sarh_a180_23]
[00:00:32] [Server thread/INFO]: [@: Displaying particle minecraft:cloud]
[00:00:32] [Server thread/INFO]: [@: Applied effect Blindness to Sarh_a180_23]
[00:00:32] [Server thread/INFO]: [@: Displaying particle minecraft:explosion_emitter]
[00:00:32] [Server thread/INFO]: [@: Teleported Sarh_a180_23 to 0.500000, 36.000000, 0.500000]
[00:00:32] [Server thread/INFO]: [@: Played sound minecraft:entity.generic.explode to Sarh_a180_23]
[00:00:32] [Server thread/INFO]: [@: Played sound minecraft:entity.generic.explode to Sarh_a180_23]
[00:00:32] [Server thread/INFO]: [@: Played sound minecraft:block.portal.travel to Sarh_a180_23]
[00:00:32] [Server thread/INFO]: [@: Displaying particle minecraft:cloud]
[00:00:32] [Server thread/INFO]: [@: Displaying particle minecraft:explosion_emitter]
[00:00:32] [Server thread/INFO]: [@: Teleported Sarh_a180_23 to -24.500000, 70.000000, 0.500000]
[00:00:32] [Server thread/INFO]: [@: Played sound minecraft:entity.generic.explode to Sarh_a180_23]
[00:00:32] [Server thread/INFO]: [@: Played sound minecraft:entity.generic.explode to Sarh_a180_23]
[00:01:03] [Server thread/INFO]: Sarh_a180_23 issued server command: /gamemode creative
[00:01:03] [Server thread/INFO]: [Sarh_a180_23: Set own game mode to Creative Mode]
[00:01:08] [Server thread/INFO]: Sarh_a180_23 issued server command: //wand
